<?xml version="1.0" encoding="UTF-8"?>
<testng-results ignored="0" total="1" passed="1" failed="0" skipped="0">
  <reporter-output>
  </reporter-output>
  <suite started-at="2024-06-25T16:42:01Z" name="Default suite" finished-at="2024-06-25T16:42:11Z" duration-ms="10449">
    <groups>
    </groups>
    <test started-at="2024-06-25T16:42:01Z" name="Default test" finished-at="2024-06-25T16:42:11Z" duration-ms="10449">
      <class name="assert1.BewkoofassertTest">
        <test-method signature="f()[pri:0, instance:assert1.BewkoofassertTest@14028087]" started-at="2024-06-25T22:12:01Z" name="f" finished-at="2024-06-25T22:12:11Z" duration-ms="10418" status="PASS">
          <reporter-output>
          </reporter-output>
        </test-method> <!-- f -->
      </class> <!-- assert1.BewkoofassertTest -->
    </test> <!-- Default test -->
  </suite> <!-- Default suite -->
</testng-results>
