<?xml version="1.0" encoding="UTF-8"?>
<!-- Generated by org.testng.reporters.JUnitXMLReporter -->
<testsuite ignored="0" hostname="DESKTOP-PDCNMD2" failures="0" tests="4" name="Test" time="9.684" errors="0" timestamp="25 Jun 2024 13:37:55 GMT">
  <testcase classname="packag01.Bewakoof" name="Men_fashion" time="0.377"/>
  <testcase classname="packag01.Bewakoof" name="home_and_kithcen" time="0.202"/>
  <testcase classname="packag01.Bewakoof" name="toy" time="0.24"/>
  <testcase classname="packag01.Bewakoof" name="women_fashion" time="0.188"/>
</testsuite> <!-- Test -->
